TN:
SF:src/aggregate.ts
FN:7,daysBetween
FN:60,computeTimeWeightedFundSize
FN:112,computeCashFundTimeWeightedSize
FN:169,computeRealizedAPY
FN:186,computeLiquidAPY
FN:201,computeProjectedAnnualReturn
FN:214,computeFundMetrics
FN:286,computeAggregateMetrics
FNF:8
FNH:8
FNDA:97,daysBetween
FNDA:12,computeTimeWeightedFundSize
FNDA:5,computeCashFundTimeWeightedSize
FNDA:9,computeRealizedAPY
FNDA:14,computeLiquidAPY
FNDA:7,computeProjectedAnnualReturn
FNDA:4,computeFundMetrics
FNDA:7,computeAggregateMetrics
DA:1,1
DA:4,1
DA:5,1
DA:7,97
DA:8,97
DA:9,97
DA:10,97
DA:11,97
DA:60,1
DA:61,12
DA:62,12
DA:63,12
DA:64,12
DA:65,12
DA:66,12
DA:69,11
DA:70,11
DA:71,11
DA:73,11
DA:74,11
DA:75,11
DA:77,12
DA:78,14
DA:79,13
DA:82,12
DA:83,14
DA:84,4
DA:85,4
DA:88,14
DA:89,10
DA:90,14
DA:91,2
DA:92,2
DA:93,12
DA:94,12
DA:95,12
DA:98,11
DA:99,11
DA:100,11
DA:101,11
DA:103,11
DA:104,11
DA:112,1
DA:113,5
DA:114,5
DA:115,5
DA:116,5
DA:117,5
DA:118,5
DA:121,5
DA:122,5
DA:123,5
DA:125,5
DA:126,5
DA:127,5
DA:129,5
DA:130,7
DA:131,7
DA:134,7
DA:135,7
DA:136,3
DA:137,3
DA:140,7
DA:141,6
DA:142,7
DA:143,1
DA:144,1
DA:145,7
DA:146,7
DA:147,7
DA:150,5
DA:151,5
DA:152,5
DA:153,5
DA:155,5
DA:156,5
DA:169,1
DA:170,9
DA:171,9
DA:172,9
DA:173,9
DA:174,9
DA:175,7
DA:176,7
DA:186,1
DA:187,14
DA:188,14
DA:189,14
DA:190,14
DA:191,14
DA:192,11
DA:193,11
DA:201,1
DA:202,7
DA:203,7
DA:204,7
DA:205,7
DA:206,7
DA:214,1
DA:215,4
DA:216,4
DA:217,4
DA:218,4
DA:219,4
DA:220,4
DA:221,4
DA:222,4
DA:223,4
DA:224,4
DA:225,4
DA:228,4
DA:229,1
DA:230,3
DA:232,4
DA:233,4
DA:236,4
DA:237,4
DA:242,4
DA:247,4
DA:248,4
DA:251,4
DA:253,4
DA:254,4
DA:255,4
DA:256,4
DA:257,4
DA:258,4
DA:259,4
DA:260,4
DA:261,4
DA:262,4
DA:263,4
DA:264,4
DA:265,4
DA:266,4
DA:267,4
DA:268,4
DA:269,4
DA:270,4
DA:271,4
DA:272,4
DA:273,4
DA:274,4
DA:286,1
DA:287,7
DA:288,7
DA:289,7
DA:290,7
DA:291,7
DA:292,7
DA:293,7
DA:294,7
DA:295,7
DA:298,7
DA:299,11
DA:300,11
DA:301,11
DA:302,11
DA:303,11
DA:304,11
DA:305,11
DA:307,11
DA:308,2
DA:309,11
DA:310,9
DA:311,9
DA:312,11
DA:317,7
DA:318,6
DA:319,1
DA:321,7
DA:322,7
DA:324,11
DA:325,11
DA:326,0
DA:327,11
DA:328,11
DA:329,7
DA:332,7
DA:333,11
DA:334,11
DA:335,7
DA:339,7
DA:340,7
DA:341,11
DA:342,11
DA:347,7
DA:348,7
DA:349,7
DA:352,7
DA:353,7
DA:354,7
DA:356,7
DA:358,7
DA:359,7
DA:360,7
DA:361,7
DA:362,7
DA:363,7
DA:364,7
DA:365,7
DA:366,7
DA:367,7
DA:368,7
DA:369,7
DA:370,7
DA:371,7
DA:372,7
DA:373,7
DA:374,7
DA:375,7
LF:211
LH:210
BRDA:7,0,0,97
BRDA:60,1,0,12
BRDA:66,2,0,1
BRDA:66,3,0,11
BRDA:77,4,0,14
BRDA:78,5,0,1
BRDA:78,6,0,13
BRDA:79,7,0,1
BRDA:79,8,0,12
BRDA:83,9,0,4
BRDA:85,10,0,12
BRDA:88,11,0,10
BRDA:90,12,0,2
BRDA:92,13,0,12
BRDA:95,14,0,11
BRDA:70,15,0,4
BRDA:112,16,0,5
BRDA:118,17,0,0
BRDA:129,18,0,7
BRDA:130,19,0,0
BRDA:131,20,0,0
BRDA:135,21,0,3
BRDA:140,22,0,6
BRDA:142,23,0,1
BRDA:122,24,0,3
BRDA:169,25,0,9
BRDA:174,26,0,8
BRDA:174,27,0,2
BRDA:174,28,0,7
BRDA:186,29,0,14
BRDA:191,30,0,12
BRDA:191,31,0,3
BRDA:191,32,0,11
BRDA:201,33,0,7
BRDA:214,34,0,4
BRDA:228,35,0,1
BRDA:228,36,0,1
BRDA:229,37,0,3
BRDA:232,38,0,3
BRDA:232,39,0,1
BRDA:236,40,0,3
BRDA:236,41,0,1
BRDA:242,42,0,1
BRDA:242,43,0,3
BRDA:242,44,0,2
BRDA:242,45,0,1
BRDA:251,46,0,1
BRDA:251,47,0,3
BRDA:257,48,0,0
BRDA:258,49,0,0
BRDA:261,50,0,3
BRDA:261,51,0,1
BRDA:270,52,0,3
BRDA:270,53,0,1
BRDA:286,54,0,7
BRDA:298,55,0,11
BRDA:307,56,0,2
BRDA:309,57,0,9
BRDA:317,58,0,6
BRDA:317,59,0,6
BRDA:318,60,0,1
BRDA:340,61,0,11
BRDA:348,62,0,6
BRDA:348,63,0,1
BRDA:356,64,0,6
BRDA:356,65,0,1
BRDA:322,66,0,11
BRDA:325,67,0,0
BRDA:332,68,0,11
BRDA:334,69,0,0
BRDA:353,70,0,11
BRDA:353,71,0,9
BRDA:354,72,0,9
BRF:73
BRH:66
end_of_record
TN:
SF:src/derivatives-calculations.ts
FN:36,processTrade
FN:116,calculateLiquidationPrice
FN:146,calculateEquityAtPrice
FN:170,calculateSafeLimitOrders
FN:279,mergeFundingData
FN:310,calculateDailyPnL
FN:398,processTradeHistory
FN:467,computeDerivativesState
FN:611,computeDerivativesEntriesState
FN:916,formatPositionSummary
FNF:10
FNH:10
FNDA:11,processTrade
FNDA:5,calculateLiquidationPrice
FNDA:3,calculateEquityAtPrice
FNDA:2,calculateSafeLimitOrders
FNDA:5,mergeFundingData
FNDA:4,calculateDailyPnL
FNDA:4,processTradeHistory
FNDA:2,computeDerivativesState
FNDA:10,computeDerivativesEntriesState
FNDA:3,formatPositionSummary
DA:21,1
DA:22,1
DA:23,1
DA:36,1
DA:37,11
DA:38,11
DA:39,11
DA:40,11
DA:41,11
DA:42,11
DA:47,11
DA:48,11
DA:49,11
DA:50,11
DA:52,11
DA:54,5
DA:55,5
DA:56,5
DA:57,5
DA:58,5
DA:59,5
DA:60,5
DA:62,5
DA:63,5
DA:64,5
DA:65,5
DA:66,5
DA:67,5
DA:70,6
DA:71,6
DA:72,6
DA:73,6
DA:75,11
DA:76,7
DA:77,7
DA:79,7
DA:81,5
DA:82,5
DA:83,5
DA:84,5
DA:85,7
DA:87,2
DA:88,2
DA:89,2
DA:90,2
DA:91,2
DA:92,2
DA:93,2
DA:94,2
DA:95,7
DA:98,6
DA:100,6
DA:101,6
DA:102,6
DA:103,6
DA:104,6
DA:105,6
DA:116,1
DA:117,5
DA:118,5
DA:119,5
DA:120,5
DA:121,5
DA:122,5
DA:123,5
DA:124,5
DA:125,5
DA:127,5
DA:129,3
DA:130,3
DA:134,3
DA:136,3
DA:137,3
DA:146,1
DA:147,3
DA:148,3
DA:149,3
DA:150,3
DA:151,3
DA:152,3
DA:153,3
DA:154,3
DA:155,3
DA:170,1
DA:171,2
DA:172,2
DA:173,2
DA:174,2
DA:175,2
DA:176,2
DA:177,2
DA:178,2
DA:179,2
DA:180,2
DA:181,2
DA:182,2
DA:183,2
DA:184,2
DA:186,2
DA:187,2
DA:190,2
DA:191,2
DA:192,1
DA:193,1
DA:196,2
DA:198,2
DA:199,2
DA:200,2
DA:201,2
DA:202,2
DA:204,2
DA:205,8
DA:206,8
DA:209,8
DA:210,8
DA:213,8
DA:214,8
DA:215,8
DA:216,8
DA:218,8
DA:221,8
DA:222,8
DA:223,8
DA:224,8
DA:227,8
DA:228,8
DA:231,8
DA:233,8
DA:235,8
DA:236,8
DA:237,8
DA:238,8
DA:239,8
DA:240,8
DA:241,8
DA:242,8
DA:243,8
DA:244,8
DA:245,8
DA:246,0
DA:247,8
DA:249,8
DA:250,8
DA:252,8
DA:253,8
DA:254,8
DA:257,8
DA:258,8
DA:259,8
DA:261,2
DA:262,2
DA:263,2
DA:264,2
DA:265,2
DA:266,2
DA:267,2
DA:268,2
DA:269,2
DA:270,2
DA:279,1
DA:280,5
DA:281,5
DA:282,5
DA:283,5
DA:286,5
DA:287,4
DA:288,4
DA:289,4
DA:292,5
DA:293,3
DA:294,3
DA:295,3
DA:298,5
DA:299,5
DA:300,5
DA:301,5
DA:310,1
DA:311,4
DA:312,4
DA:313,4
DA:314,4
DA:317,4
DA:318,2
DA:319,2
DA:321,2
DA:322,2
DA:323,2
DA:324,2
DA:325,2
DA:326,2
DA:327,2
DA:328,2
DA:329,2
DA:330,2
DA:331,2
DA:332,2
DA:333,2
DA:334,2
DA:335,2
DA:338,2
DA:339,2
DA:340,2
DA:341,0
DA:342,0
DA:344,2
DA:345,2
DA:346,2
DA:349,4
DA:350,4
DA:351,4
DA:353,4
DA:354,1
DA:355,1
DA:356,1
DA:357,1
DA:358,1
DA:359,1
DA:360,1
DA:361,1
DA:362,1
DA:363,1
DA:364,1
DA:365,1
DA:366,1
DA:367,1
DA:369,4
DA:370,4
DA:371,3
DA:372,4
DA:373,1
DA:374,1
DA:375,4
DA:378,4
DA:379,3
DA:380,3
DA:381,3
DA:382,3
DA:385,4
DA:386,4
DA:387,4
DA:388,4
DA:398,1
DA:399,4
DA:400,4
DA:401,4
DA:402,4
DA:403,4
DA:404,4
DA:405,4
DA:408,4
DA:409,4
DA:410,4
DA:412,4
DA:413,5
DA:414,5
DA:415,5
DA:416,5
DA:417,5
DA:419,5
DA:420,5
DA:421,5
DA:422,5
DA:423,5
DA:424,5
DA:425,5
DA:426,5
DA:429,5
DA:430,5
DA:433,5
DA:434,3
DA:435,5
DA:436,2
DA:437,2
DA:438,5
DA:440,5
DA:441,5
DA:442,5
DA:443,5
DA:444,5
DA:445,5
DA:446,5
DA:447,5
DA:448,5
DA:449,5
DA:450,5
DA:451,5
DA:452,5
DA:453,5
DA:454,5
DA:455,4
DA:456,4
DA:467,1
DA:468,2
DA:469,2
DA:470,2
DA:471,2
DA:472,2
DA:474,2
DA:476,2
DA:477,3
DA:478,2
DA:479,2
DA:480,2
DA:481,2
DA:482,2
DA:483,2
DA:484,2
DA:485,2
DA:486,3
DA:488,1
DA:489,1
DA:490,1
DA:491,1
DA:493,1
DA:494,1
DA:495,1
DA:496,1
DA:497,0
DA:498,0
DA:499,0
DA:500,0
DA:501,0
DA:502,0
DA:503,1
DA:504,1
DA:505,3
DA:508,2
DA:509,2
DA:510,2
DA:513,2
DA:514,2
DA:515,1
DA:516,1
DA:518,2
DA:519,2
DA:520,2
DA:521,2
DA:524,2
DA:525,2
DA:526,2
DA:527,2
DA:528,2
DA:529,2
DA:530,2
DA:531,2
DA:532,2
DA:533,2
DA:534,2
DA:535,2
DA:536,2
DA:537,2
DA:540,2
DA:542,2
DA:543,2
DA:611,1
DA:612,10
DA:613,10
DA:614,10
DA:616,10
DA:617,10
DA:618,10
DA:619,10
DA:620,10
DA:621,10
DA:622,10
DA:623,10
DA:624,10
DA:625,10
DA:626,10
DA:629,10
DA:630,10
DA:631,10
DA:633,10
DA:634,10
DA:635,10
DA:636,10
DA:637,10
DA:638,10
DA:641,10
DA:642,10
DA:643,10
DA:644,10
DA:645,10
DA:646,10
DA:647,10
DA:648,10
DA:649,10
DA:652,10
DA:654,10
DA:656,10
DA:657,19
DA:658,19
DA:659,19
DA:660,19
DA:661,19
DA:664,19
DA:665,19
DA:666,9
DA:667,9
DA:669,19
DA:670,1
DA:671,1
DA:673,19
DA:674,1
DA:675,1
DA:676,1
DA:677,1
DA:679,19
DA:680,1
DA:681,1
DA:682,1
DA:683,1
DA:685,19
DA:686,1
DA:687,1
DA:688,1
DA:689,1
DA:691,19
DA:692,1
DA:693,1
DA:694,1
DA:695,1
DA:697,19
DA:699,4
DA:703,4
DA:704,4
DA:705,4
DA:706,4
DA:707,4
DA:709,4
DA:711,4
DA:713,4
DA:714,4
DA:715,4
DA:716,4
DA:717,4
DA:718,4
DA:720,4
DA:721,0
DA:722,0
DA:723,0
DA:726,4
DA:727,4
DA:728,4
DA:729,4
DA:730,4
DA:732,19
DA:734,1
DA:735,1
DA:736,1
DA:738,1
DA:739,1
DA:740,1
DA:742,1
DA:744,1
DA:745,1
DA:746,1
DA:747,1
DA:749,0
DA:750,0
DA:751,0
DA:752,0
DA:753,0
DA:754,0
DA:755,0
DA:756,1
DA:759,1
DA:760,1
DA:761,1
DA:764,1
DA:767,1
DA:768,0
DA:769,0
DA:770,1
DA:771,1
DA:772,1
DA:774,1
DA:775,0
DA:776,0
DA:777,0
DA:780,1
DA:781,1
DA:782,1
DA:783,1
DA:784,1
DA:786,19
DA:789,0
DA:790,0
DA:793,0
DA:794,0
DA:795,0
DA:796,0
DA:797,0
DA:798,19
DA:801,19
DA:805,19
DA:808,19
DA:814,19
DA:815,19
DA:816,19
DA:820,19
DA:824,19
DA:825,19
DA:826,19
DA:827,4
DA:828,4
DA:829,4
DA:830,4
DA:831,4
DA:835,19
DA:839,19
DA:846,19
DA:847,19
DA:848,19
DA:851,4
DA:852,4
DA:853,19
DA:855,0
DA:856,0
DA:857,0
DA:861,19
DA:866,19
DA:867,19
DA:868,4
DA:869,19
DA:870,0
DA:871,0
DA:873,19
DA:874,19
DA:875,19
DA:876,19
DA:877,19
DA:878,19
DA:879,19
DA:880,19
DA:881,19
DA:882,19
DA:883,19
DA:884,19
DA:885,19
DA:886,19
DA:887,19
DA:888,19
DA:889,19
DA:890,19
DA:891,19
DA:892,19
DA:893,19
DA:894,19
DA:895,19
DA:896,19
DA:897,19
DA:898,19
DA:899,19
DA:900,19
DA:901,19
DA:902,0
DA:903,0
DA:904,19
DA:905,19
DA:907,10
DA:908,10
DA:916,1
DA:926,3
DA:927,3
DA:929,3
DA:930,3
DA:931,3
DA:932,3
DA:933,3
DA:934,3
DA:935,2
DA:936,1
DA:937,3
DA:938,2
DA:939,1
DA:940,3
DA:941,3
DA:942,0
DA:943,3
DA:944,3
DA:945,3
DA:946,3
LF:583
LH:544
BRDA:36,0,0,11
BRDA:52,1,0,5
BRDA:67,2,0,6
BRDA:75,3,0,7
BRDA:75,4,0,7
BRDA:77,5,0,0
BRDA:79,6,0,5
BRDA:85,7,0,2
BRDA:95,8,0,6
BRDA:116,9,0,5
BRDA:127,10,0,2
BRDA:127,11,0,3
BRDA:129,12,0,3
BRDA:146,13,0,3
BRDA:151,14,0,3
BRDA:170,15,0,2
BRDA:191,16,0,1
BRDA:192,17,0,1
BRDA:204,18,0,8
BRDA:206,19,0,0
BRDA:210,20,0,0
BRDA:218,21,0,0
BRDA:245,22,0,0
BRDA:187,23,0,1
BRDA:279,24,0,5
BRDA:286,25,0,4
BRDA:292,26,0,3
BRDA:299,27,0,2
BRDA:310,28,0,4
BRDA:317,29,0,2
BRDA:318,30,0,0
BRDA:340,31,0,0
BRDA:350,32,0,0
BRDA:353,33,0,1
BRDA:370,34,0,3
BRDA:372,35,0,1
BRDA:378,36,0,3
BRDA:398,37,0,4
BRDA:409,38,0,2
BRDA:412,39,0,5
BRDA:433,40,0,3
BRDA:435,41,0,2
BRDA:467,42,0,2
BRDA:476,43,0,3
BRDA:477,44,0,2
BRDA:486,45,0,1
BRDA:491,46,0,0
BRDA:496,47,0,0
BRDA:509,48,0,0
BRDA:510,49,0,0
BRDA:514,50,0,1
BRDA:515,51,0,1
BRDA:513,52,0,1
BRDA:611,53,0,10
BRDA:656,54,0,19
BRDA:657,55,0,0
BRDA:658,56,0,5
BRDA:659,57,0,14
BRDA:660,58,0,14
BRDA:665,59,0,9
BRDA:669,60,0,1
BRDA:673,61,0,1
BRDA:679,62,0,1
BRDA:685,63,0,1
BRDA:691,64,0,1
BRDA:697,65,0,4
BRDA:720,66,0,0
BRDA:732,67,0,1
BRDA:740,68,0,0
BRDA:747,69,0,0
BRDA:767,70,0,0
BRDA:767,71,0,0
BRDA:774,72,0,0
BRDA:786,73,0,0
BRDA:820,74,0,0
BRDA:826,75,0,4
BRDA:826,76,0,4
BRDA:839,77,0,4
BRDA:839,78,0,15
BRDA:848,79,0,4
BRDA:848,80,0,4
BRDA:853,81,0,15
BRDA:853,82,0,0
BRDA:853,83,0,0
BRDA:861,84,0,4
BRDA:861,85,0,15
BRDA:867,86,0,4
BRDA:867,87,0,4
BRDA:869,88,0,15
BRDA:869,89,0,0
BRDA:869,90,0,0
BRDA:877,91,0,15
BRDA:877,92,0,5
BRDA:877,93,0,14
BRDA:878,94,0,15
BRDA:878,95,0,5
BRDA:878,96,0,14
BRDA:901,97,0,0
BRDA:629,98,0,10
BRDA:631,99,0,9
BRDA:631,100,0,1
BRDA:633,101,0,0
BRDA:634,102,0,0
BRDA:635,103,0,0
BRDA:636,104,0,0
BRDA:801,105,0,4
BRDA:808,106,0,4
BRDA:916,107,0,3
BRDA:934,108,0,2
BRDA:935,109,0,1
BRDA:937,110,0,2
BRDA:938,111,0,1
BRDA:941,112,0,0
BRF:113
BRH:82
end_of_record
TN:
SF:src/derivatives-types.ts
FN:1,(empty-report)
FNF:1
FNH:1
FNDA:1,(empty-report)
LF:0
LH:0
BRDA:1,0,0,1
BRF:1
BRH:1
end_of_record
TN:
SF:src/expected-equity.ts
FN:6,daysBetween
FN:17,computeStartInput
FN:77,computeExpectedTarget
FN:159,computeCashAvailable
FN:213,computeCashInterest
FN:288,computeRealizedGains
FN:355,computeFundState
FN:427,computeClosedFundMetrics
FNF:8
FNH:8
FNDA:1454,daysBetween
FNDA:168,computeStartInput
FNDA:110,computeExpectedTarget
FNDA:53,computeCashAvailable
FNDA:90,computeCashInterest
FNDA:24,computeRealizedGains
FNDA:10,computeFundState
FNDA:4,computeClosedFundMetrics
DA:3,1
DA:4,1
DA:6,1454
DA:7,1454
DA:8,1454
DA:9,1454
DA:10,1454
DA:17,1
DA:18,168
DA:19,168
DA:20,168
DA:23,168
DA:25,168
DA:26,478
DA:29,478
DA:30,0
DA:31,0
DA:32,0
DA:34,478
DA:35,328
DA:36,478
DA:37,148
DA:39,148
DA:40,148
DA:41,0
DA:42,148
DA:43,0
DA:44,148
DA:45,148
DA:46,92
DA:47,92
DA:48,92
DA:49,148
DA:52,0
DA:53,0
DA:54,0
DA:55,0
DA:57,0
DA:58,0
DA:59,0
DA:60,0
DA:61,148
DA:62,478
DA:64,168
DA:65,168
DA:77,1
DA:78,110
DA:79,110
DA:80,110
DA:81,110
DA:82,110
DA:84,110
DA:85,110
DA:86,110
DA:87,110
DA:88,110
DA:91,110
DA:93,110
DA:94,181
DA:95,181
DA:98,181
DA:99,0
DA:100,0
DA:101,0
DA:103,181
DA:104,167
DA:105,167
DA:107,167
DA:108,167
DA:109,181
DA:110,14
DA:112,14
DA:113,14
DA:114,0
DA:115,14
DA:116,0
DA:117,14
DA:118,14
DA:119,2
DA:120,2
DA:121,2
DA:122,2
DA:123,2
DA:124,14
DA:127,12
DA:128,12
DA:129,12
DA:132,0
DA:133,0
DA:134,0
DA:135,0
DA:136,12
DA:138,12
DA:139,12
DA:140,12
DA:142,12
DA:143,12
DA:144,12
DA:145,14
DA:146,181
DA:148,110
DA:149,110
DA:159,1
DA:160,53
DA:161,53
DA:162,53
DA:163,53
DA:164,53
DA:165,53
DA:166,53
DA:167,53
DA:168,53
DA:171,53
DA:172,68
DA:173,68
DA:174,38
DA:175,67
DA:176,30
DA:177,30
DA:178,68
DA:181,53
DA:182,53
DA:183,53
DA:186,53
DA:187,36
DA:188,5
DA:189,5
DA:190,5
DA:191,36
DA:194,53
DA:195,35
DA:196,35
DA:199,53
DA:200,41
DA:201,4
DA:202,4
DA:203,4
DA:204,41
DA:206,53
DA:207,53
DA:213,1
DA:214,90
DA:215,90
DA:216,90
DA:217,90
DA:218,90
DA:219,90
DA:222,90
DA:224,90
DA:225,134
DA:226,134
DA:227,134
DA:228,134
DA:229,134
DA:230,134
DA:231,134
DA:233,90
DA:234,64
DA:235,64
DA:236,64
DA:237,64
DA:238,64
DA:239,64
DA:240,64
DA:242,90
DA:244,90
DA:245,90
DA:246,90
DA:248,90
DA:249,198
DA:250,198
DA:253,198
DA:254,198
DA:255,171
DA:256,171
DA:257,171
DA:260,198
DA:261,198
DA:262,198
DA:263,198
DA:266,90
DA:267,90
DA:268,87
DA:269,87
DA:270,87
DA:272,90
DA:273,90
DA:288,1
DA:289,24
DA:290,24
DA:291,24
DA:292,24
DA:293,24
DA:294,24
DA:295,24
DA:296,24
DA:299,24
DA:302,24
DA:303,24
DA:304,24
DA:306,24
DA:307,10
DA:309,10
DA:310,9
DA:311,10
DA:312,1
DA:315,1
DA:317,0
DA:318,0
DA:320,0
DA:321,0
DA:322,0
DA:323,0
DA:324,1
DA:325,10
DA:332,24
DA:335,24
DA:336,13
DA:337,12
DA:338,12
DA:341,24
DA:342,24
DA:343,20
DA:344,7
DA:345,6
DA:346,6
DA:347,20
DA:349,24
DA:350,24
DA:355,1
DA:356,10
DA:357,10
DA:358,10
DA:359,10
DA:360,10
DA:361,10
DA:362,10
DA:363,10
DA:365,10
DA:367,0
DA:370,0
DA:371,0
DA:372,0
DA:373,0
DA:374,0
DA:375,0
DA:376,0
DA:377,0
DA:378,0
DA:379,0
DA:380,0
DA:381,0
DA:382,0
DA:385,10
DA:386,10
DA:387,1
DA:388,1
DA:389,1
DA:390,1
DA:391,1
DA:392,1
DA:393,1
DA:394,1
DA:395,1
DA:396,1
DA:397,1
DA:398,1
DA:400,9
DA:401,9
DA:402,9
DA:403,9
DA:404,9
DA:406,10
DA:407,10
DA:408,10
DA:410,10
DA:411,10
DA:412,10
DA:413,10
DA:414,10
DA:415,10
DA:416,10
DA:417,10
DA:418,10
DA:419,10
DA:420,10
DA:421,10
DA:427,1
DA:428,4
DA:429,4
DA:430,4
DA:431,4
DA:432,4
DA:433,4
DA:434,4
DA:435,4
DA:436,4
DA:438,4
DA:439,8
DA:440,4
DA:441,4
DA:442,4
DA:443,4
DA:444,8
DA:446,4
DA:447,4
DA:448,1
DA:449,1
DA:451,4
DA:452,4
DA:453,1
DA:454,1
DA:456,4
DA:460,4
DA:462,4
DA:466,4
DA:467,3
DA:468,1
DA:470,4
DA:471,4
DA:472,4
DA:473,4
DA:474,4
DA:475,4
DA:476,4
DA:477,4
DA:478,4
DA:479,4
DA:480,4
DA:481,4
DA:482,4
DA:483,4
LF:332
LH:290
BRDA:6,0,0,1454
BRDA:17,1,0,168
BRDA:25,2,0,478
BRDA:26,3,0,2
BRDA:26,4,0,476
BRDA:29,5,0,0
BRDA:32,6,0,476
BRDA:34,7,0,328
BRDA:36,8,0,148
BRDA:39,9,0,0
BRDA:40,10,0,0
BRDA:42,11,0,0
BRDA:45,12,0,92
BRDA:49,13,0,56
BRDA:49,14,0,0
BRDA:49,15,0,0
BRDA:23,16,0,373
BRDA:77,17,0,110
BRDA:93,18,0,181
BRDA:95,19,0,0
BRDA:98,20,0,0
BRDA:103,21,0,167
BRDA:109,22,0,14
BRDA:112,23,0,0
BRDA:113,24,0,0
BRDA:115,25,0,0
BRDA:118,26,0,2
BRDA:124,27,0,12
BRDA:129,28,0,0
BRDA:91,29,0,74
BRDA:159,30,0,53
BRDA:171,31,0,68
BRDA:172,32,0,0
BRDA:173,33,0,67
BRDA:173,34,0,38
BRDA:175,35,0,30
BRDA:186,36,0,36
BRDA:187,37,0,5
BRDA:188,38,0,0
BRDA:194,39,0,35
BRDA:199,40,0,41
BRDA:200,41,0,4
BRDA:201,42,0,0
BRDA:213,43,0,90
BRDA:224,44,0,134
BRDA:229,45,0,85
BRDA:229,46,0,49
BRDA:233,47,0,64
BRDA:238,48,0,36
BRDA:238,49,0,28
BRDA:248,50,0,198
BRDA:249,51,0,0
BRDA:250,52,0,0
BRDA:254,53,0,172
BRDA:254,54,0,171
BRDA:267,55,0,87
BRDA:242,56,0,149
BRDA:288,57,0,24
BRDA:306,58,0,10
BRDA:307,59,0,0
BRDA:309,60,0,9
BRDA:311,61,0,1
BRDA:315,62,0,0
BRDA:335,63,0,13
BRDA:336,64,0,1
BRDA:336,65,0,12
BRDA:342,66,0,20
BRDA:343,67,0,7
BRDA:344,68,0,1
BRDA:344,69,0,6
BRDA:299,70,0,2
BRDA:355,71,0,10
BRDA:365,72,0,0
BRDA:386,73,0,1
BRDA:398,74,0,9
BRDA:406,75,0,8
BRDA:406,76,0,1
BRDA:407,77,0,8
BRDA:407,78,0,1
BRDA:427,79,0,4
BRDA:438,80,0,8
BRDA:439,81,0,4
BRDA:447,82,0,1
BRDA:452,83,0,1
BRDA:460,84,0,0
BRDA:466,85,0,3
BRDA:467,86,0,1
BRF:87
BRH:66
end_of_record
TN:
SF:src/explainer.ts
FN:1,(empty-report)
FNF:1
FNH:1
FNDA:1,(empty-report)
DA:3,0
DA:4,0
DA:5,0
DA:6,0
DA:7,0
DA:8,0
DA:9,0
DA:10,0
DA:12,0
DA:13,0
DA:14,0
DA:19,0
DA:20,0
DA:21,0
DA:22,0
DA:23,0
DA:24,0
DA:25,0
DA:26,0
DA:27,0
DA:28,0
DA:30,0
DA:31,0
LF:23
LH:0
BRDA:1,0,0,1
BRF:1
BRH:1
end_of_record
TN:
SF:src/fund-type-config.ts
FN:209,isCashFund
FN:215,isDerivativesFund
FN:221,isTradingFund
FN:227,getFundTypeFeatures
FN:234,getFundTypeDefaults
FN:241,getAllowedActions
FN:248,isValidAction
FN:256,applyFundTypeDefaults
FNF:8
FNH:1
FNDA:4,isCashFund
FNDA:0,isDerivativesFund
FNDA:0,isTradingFund
FNDA:0,getFundTypeFeatures
FNDA:0,getFundTypeDefaults
FNDA:0,getAllowedActions
FNDA:0,isValidAction
FNDA:0,applyFundTypeDefaults
DA:7,1
DA:8,1
DA:9,1
DA:10,1
DA:11,1
DA:12,1
DA:13,1
DA:14,1
DA:15,1
DA:16,1
DA:17,1
DA:18,1
DA:19,1
DA:20,1
DA:21,1
DA:22,1
DA:23,1
DA:24,1
DA:25,1
DA:26,1
DA:27,1
DA:28,1
DA:29,1
DA:30,1
DA:31,1
DA:32,1
DA:33,1
DA:34,1
DA:35,1
DA:36,1
DA:37,1
DA:38,1
DA:39,1
DA:40,1
DA:41,1
DA:42,1
DA:43,1
DA:44,1
DA:45,1
DA:46,1
DA:47,1
DA:48,1
DA:49,1
DA:50,1
DA:51,1
DA:52,1
DA:53,1
DA:54,1
DA:55,1
DA:56,1
DA:57,1
DA:58,1
DA:59,1
DA:60,1
DA:61,1
DA:62,1
DA:63,1
DA:64,1
DA:65,1
DA:66,1
DA:67,1
DA:68,1
DA:69,1
DA:70,1
DA:71,1
DA:72,1
DA:73,1
DA:108,1
DA:109,1
DA:110,1
DA:111,1
DA:112,1
DA:113,1
DA:114,1
DA:115,1
DA:116,1
DA:117,1
DA:118,1
DA:119,1
DA:120,1
DA:121,1
DA:122,1
DA:123,1
DA:124,1
DA:125,1
DA:126,1
DA:127,1
DA:128,1
DA:129,1
DA:130,1
DA:131,1
DA:132,1
DA:133,1
DA:134,1
DA:135,1
DA:136,1
DA:137,1
DA:138,1
DA:139,1
DA:140,1
DA:141,1
DA:142,1
DA:143,1
DA:144,1
DA:145,1
DA:146,1
DA:147,1
DA:148,1
DA:149,1
DA:150,1
DA:151,1
DA:152,1
DA:153,1
DA:154,1
DA:155,1
DA:156,1
DA:157,1
DA:158,1
DA:159,1
DA:160,1
DA:161,1
DA:162,1
DA:163,1
DA:164,1
DA:165,1
DA:166,1
DA:167,1
DA:168,1
DA:169,1
DA:186,1
DA:187,1
DA:188,1
DA:189,1
DA:190,1
DA:191,1
DA:192,1
DA:193,1
DA:194,1
DA:195,1
DA:196,1
DA:197,1
DA:198,1
DA:199,1
DA:200,1
DA:209,1
DA:210,4
DA:215,1
DA:216,0
DA:221,1
DA:222,0
DA:227,1
DA:228,0
DA:229,0
DA:234,1
DA:235,0
DA:236,0
DA:241,1
DA:242,0
DA:243,0
DA:248,1
DA:249,0
DA:256,1
DA:270,0
DA:271,0
DA:272,0
DA:273,0
DA:274,0
DA:277,0
DA:278,0
DA:279,0
DA:280,0
DA:281,0
DA:282,0
DA:283,0
DA:284,0
DA:285,0
DA:286,0
DA:287,0
DA:288,0
DA:289,0
DA:290,0
DA:291,0
DA:293,0
DA:294,0
LF:184
LH:153
BRDA:209,0,0,4
BRF:1
BRH:1
end_of_record
TN:
SF:src/index.ts
FN:1,(empty-report)
FNF:1
FNH:0
FNDA:0,(empty-report)
DA:1,0
LF:1
LH:0
BRDA:1,0,0,0
BRF:1
BRH:0
end_of_record
TN:
SF:src/recommendation.ts
FN:12,computeLimit
FN:46,computeRecommendation
FNF:2
FNH:2
FNDA:45,computeLimit
FNDA:27,computeRecommendation
DA:12,1
DA:13,45
DA:16,45
DA:17,5
DA:18,5
DA:21,45
DA:23,19
DA:24,11
DA:25,11
DA:27,8
DA:28,8
DA:31,21
DA:32,21
DA:46,1
DA:47,27
DA:48,27
DA:49,27
DA:51,27
DA:52,0
DA:53,0
DA:57,27
DA:58,0
DA:59,0
DA:62,27
DA:63,27
DA:64,3
DA:65,3
DA:67,24
DA:68,24
DA:70,27
DA:71,27
DA:74,27
DA:76,2
DA:77,2
DA:78,2
DA:79,2
DA:80,2
DA:81,2
DA:82,2
DA:83,2
DA:84,2
DA:85,2
DA:86,2
DA:87,2
DA:88,2
DA:89,2
DA:90,2
DA:91,2
DA:92,2
DA:93,2
DA:96,27
DA:98,11
DA:100,11
DA:101,11
DA:102,11
DA:103,11
DA:104,11
DA:105,11
DA:106,11
DA:107,11
DA:108,11
DA:109,11
DA:110,11
DA:111,11
DA:112,11
DA:113,4
DA:114,7
DA:115,11
DA:116,11
DA:117,11
DA:118,11
DA:122,27
DA:123,27
DA:126,27
DA:127,27
DA:128,4
DA:129,19
DA:130,2
DA:131,7
DA:132,5
DA:133,5
DA:137,27
DA:138,1
DA:139,1
DA:140,1
DA:141,1
DA:142,1
DA:143,1
DA:144,1
DA:145,1
DA:146,1
DA:147,1
DA:148,1
DA:149,1
DA:150,1
DA:151,1
DA:152,1
DA:153,1
DA:154,1
DA:155,1
DA:157,27
DA:158,2
DA:159,2
DA:161,10
DA:162,10
DA:163,10
DA:164,10
DA:165,10
DA:166,10
DA:167,10
DA:168,10
DA:169,10
DA:170,10
DA:171,10
DA:172,10
DA:173,10
DA:174,10
DA:175,10
DA:176,10
DA:177,10
LF:120
LH:116
BRDA:12,0,0,45
BRDA:16,1,0,5
BRDA:18,2,0,40
BRDA:21,3,0,19
BRDA:23,4,0,11
BRDA:25,5,0,8
BRDA:28,6,0,21
BRDA:46,7,0,27
BRDA:51,8,0,0
BRDA:57,9,0,0
BRDA:63,10,0,3
BRDA:65,11,0,24
BRDA:74,12,0,2
BRDA:74,13,0,2
BRDA:76,14,0,0
BRDA:93,15,0,22
BRDA:96,16,0,11
BRDA:98,17,0,4
BRDA:98,18,0,7
BRDA:112,19,0,4
BRDA:113,20,0,7
BRDA:122,21,0,0
BRDA:123,22,0,11
BRDA:127,23,0,6
BRDA:127,24,0,19
BRDA:127,25,0,4
BRDA:129,26,0,7
BRDA:129,27,0,2
BRDA:131,28,0,5
BRDA:133,29,0,11
BRDA:137,30,0,10
BRDA:137,31,0,0
BRDA:137,32,0,1
BRDA:155,33,0,10
BRDA:157,34,0,2
BRDA:159,35,0,10
BRF:36
BRH:31
end_of_record
TN:
SF:src/types.ts
FN:1,(empty-report)
FNF:1
FNH:1
FNDA:1,(empty-report)
LF:0
LH:0
BRDA:1,0,0,1
BRF:1
BRH:1
end_of_record
